<?xml version="1.0" encoding="UTF-8"?>
<robot generator="Robot 3.2.2 (Python 3.9.0 on win32)" generated="20201129 19:59:34.995" rpa="false">
<suite id="s1" name="Suites">
<suite id="s1-s1" name="GoogleAdsPageTests" source="C:\Users\harsh_znekzxq\PycharmProjects\RobotProject\Tests\GoogleAdsPageTests.robot">
<test id="s1-s1-t1" name="User should be able to navigate to Google Ads Ceritifcation">
<kw name="Begin Web Test" library="Initialization" type="setup">
<kw name="Open Browser" library="SeleniumLibrary">
<doc>Opens a new browser instance to the optional ``url``.</doc>
<arguments>
<arg>https://skillshop.exceedlms.com/student/catalog</arg>
<arg>${BROWSER}</arg>
</arguments>
<msg timestamp="20201129 19:59:35.262" level="INFO">Opening browser 'Chrome' to base url 'https://skillshop.exceedlms.com/student/catalog'.</msg>
<status status="PASS" starttime="20201129 19:59:35.262" endtime="20201129 19:59:41.911"></status>
</kw>
<kw name="Maximize Browser Window" library="SeleniumLibrary">
<doc>Maximizes current browser window.</doc>
<status status="PASS" starttime="20201129 19:59:41.912" endtime="20201129 19:59:44.057"></status>
</kw>
<status status="PASS" starttime="20201129 19:59:35.261" endtime="20201129 19:59:44.057"></status>
</kw>
<kw name="Navigate To Google Ads" library="HomePage">
<kw name="Wait Until Page Contains" library="SeleniumLibrary">
<doc>Waits until ``text`` appears on the current page.</doc>
<arguments>
<arg>Google professional tools and solutions</arg>
</arguments>
<status status="PASS" starttime="20201129 19:59:44.058" endtime="20201129 19:59:44.078"></status>
</kw>
<kw name="Sleep" library="BuiltIn">
<doc>Pauses the test executed for the given time.</doc>
<arguments>
<arg>5s</arg>
</arguments>
<msg timestamp="20201129 19:59:49.079" level="INFO">Slept 5 seconds</msg>
<status status="PASS" starttime="20201129 19:59:44.079" endtime="20201129 19:59:49.079"></status>
</kw>
<kw name="Mouse Over" library="SeleniumLibrary">
<doc>Simulates hovering the mouse over the element ``locator``.</doc>
<arguments>
<arg>${drpdwnTopics}</arg>
</arguments>
<msg timestamp="20201129 19:59:49.079" level="INFO">Simulating Mouse Over on element 'xpath = //button[@class="button button--toggle appheader__categoriesbutton u-org--header"]'.</msg>
<status status="PASS" starttime="20201129 19:59:49.079" endtime="20201129 19:59:49.350"></status>
</kw>
<kw name="Click Element" library="SeleniumLibrary">
<doc>Click the element identified by ``locator``.</doc>
<arguments>
<arg>${drpdwnTopics}</arg>
</arguments>
<msg timestamp="20201129 19:59:49.350" level="INFO">Clicking element 'xpath = //button[@class="button button--toggle appheader__categoriesbutton u-org--header"]'.</msg>
<status status="PASS" starttime="20201129 19:59:49.350" endtime="20201129 19:59:49.409"></status>
</kw>
<kw name="Click Element" library="SeleniumLibrary">
<doc>Click the element identified by ``locator``.</doc>
<arguments>
<arg>${lnkGoogleAds}</arg>
</arguments>
<msg timestamp="20201129 19:59:49.410" level="INFO">Clicking element 'xpath = //button[@id="categoriesmenu-53-select"]'.</msg>
<status status="PASS" starttime="20201129 19:59:49.409" endtime="20201129 19:59:49.479"></status>
</kw>
<status status="PASS" starttime="20201129 19:59:44.057" endtime="20201129 19:59:49.480"></status>
</kw>
<kw name="Navigate to Google Ads Certification" library="GoogleAdsPage">
<kw name="Click Element" library="SeleniumLibrary">
<doc>Click the element identified by ``locator``.</doc>
<arguments>
<arg>${lnkGoogleAdsCertification}</arg>
</arguments>
<msg timestamp="20201129 19:59:49.480" level="INFO">Clicking element 'xpath = //a[contains(text(), 'Google Ads Certification')]'.</msg>
<status status="PASS" starttime="20201129 19:59:49.480" endtime="20201129 19:59:49.577"></status>
</kw>
<status status="PASS" starttime="20201129 19:59:49.480" endtime="20201129 19:59:49.577"></status>
</kw>
<kw name="Verify Google Ads Certification Page Loaded" library="GoogleAdsCertificationPage">
<kw name="Wait Until Page Contains" library="SeleniumLibrary">
<doc>Waits until ``text`` appears on the current page.</doc>
<arguments>
<arg>Google Ads Certification</arg>
</arguments>
<status status="PASS" starttime="20201129 19:59:49.578" endtime="20201129 19:59:49.593"></status>
</kw>
<kw name="Page Should Contain" library="SeleniumLibrary">
<doc>Verifies that current page contains ``text``.</doc>
<arguments>
<arg>Google Ads Certification</arg>
</arguments>
<msg timestamp="20201129 19:59:50.924" level="INFO">Current page contains text 'Google Ads Certification'.</msg>
<status status="PASS" starttime="20201129 19:59:49.593" endtime="20201129 19:59:50.924"></status>
</kw>
<status status="PASS" starttime="20201129 19:59:49.577" endtime="20201129 19:59:50.924"></status>
</kw>
<kw name="End Web Test" library="Initialization" type="teardown">
<kw name="Close Browser" library="SeleniumLibrary">
<doc>Closes the current browser.</doc>
<status status="PASS" starttime="20201129 19:59:50.925" endtime="20201129 19:59:53.166"></status>
</kw>
<status status="PASS" starttime="20201129 19:59:50.925" endtime="20201129 19:59:53.166"></status>
</kw>
<status status="PASS" starttime="20201129 19:59:35.260" endtime="20201129 19:59:53.166" critical="yes"></status>
</test>
<doc>Tests Related to Google Ads Page</doc>
<status status="PASS" starttime="20201129 19:59:35.027" endtime="20201129 19:59:53.167"></status>
</suite>
<status status="PASS" starttime="20201129 19:59:34.997" endtime="20201129 19:59:53.170"></status>
</suite>
<statistics>
<total>
<stat pass="1" fail="0">Critical Tests</stat>
<stat pass="1" fail="0">All Tests</stat>
</total>
<tag>
</tag>
<suite>
<stat pass="1" fail="0" id="s1" name="Suites">Suites</stat>
<stat pass="1" fail="0" id="s1-s1" name="GoogleAdsPageTests">Suites.GoogleAdsPageTests</stat>
</suite>
</statistics>
<errors>
</errors>
</robot>
