<?xml version="1.0" encoding="UTF-8"?>
<robot generator="Robot 3.2.2 (Python 3.9.0 on win32)" generated="20201129 19:59:34.978" rpa="false">
<suite id="s1" name="Suites">
<suite id="s1-s1" name="HomePageTests" source="C:\Users\harsh_znekzxq\PycharmProjects\RobotProject\Tests\HomePageTests.robot">
<test id="s1-s1-t1" name="User should be able to Navigate to Google Privacy Terms">
<kw name="Begin Web Test" library="Initialization" type="setup">
<kw name="Open Browser" library="SeleniumLibrary">
<doc>Opens a new browser instance to the optional ``url``.</doc>
<arguments>
<arg>https://skillshop.exceedlms.com/student/catalog</arg>
<arg>${BROWSER}</arg>
</arguments>
<msg timestamp="20201129 19:59:35.250" level="INFO">Opening browser 'Chrome' to base url 'https://skillshop.exceedlms.com/student/catalog'.</msg>
<status status="PASS" starttime="20201129 19:59:35.250" endtime="20201129 19:59:42.779"></status>
</kw>
<kw name="Maximize Browser Window" library="SeleniumLibrary">
<doc>Maximizes current browser window.</doc>
<status status="PASS" starttime="20201129 19:59:42.779" endtime="20201129 19:59:44.912"></status>
</kw>
<status status="PASS" starttime="20201129 19:59:35.250" endtime="20201129 19:59:44.912"></status>
</kw>
<kw name="Verify HomePage Loaded" library="HomePage">
<kw name="Wait Until Page Contains" library="SeleniumLibrary">
<doc>Waits until ``text`` appears on the current page.</doc>
<arguments>
<arg>Google professional tools and solutions</arg>
</arguments>
<status status="PASS" starttime="20201129 19:59:44.913" endtime="20201129 19:59:44.931"></status>
</kw>
<kw name="Page Should Contain" library="SeleniumLibrary">
<doc>Verifies that current page contains ``text``.</doc>
<arguments>
<arg>Google professional tools and solutions</arg>
</arguments>
<msg timestamp="20201129 19:59:44.944" level="INFO">Current page contains text 'Google professional tools and solutions'.</msg>
<status status="PASS" starttime="20201129 19:59:44.932" endtime="20201129 19:59:44.944"></status>
</kw>
<status status="PASS" starttime="20201129 19:59:44.913" endtime="20201129 19:59:44.944"></status>
</kw>
<kw name="Navigate To Google Privacy Terms" library="HomePage">
<kw name="Wait Until Page Contains" library="SeleniumLibrary">
<doc>Waits until ``text`` appears on the current page.</doc>
<arguments>
<arg>Google professional tools and solutions</arg>
</arguments>
<status status="PASS" starttime="20201129 19:59:44.945" endtime="20201129 19:59:44.954"></status>
</kw>
<kw name="Click Element" library="SeleniumLibrary">
<doc>Click the element identified by ``locator``.</doc>
<arguments>
<arg>${lnkGoogleTerms}</arg>
</arguments>
<msg timestamp="20201129 19:59:44.955" level="INFO">Clicking element 'xpath = //a[contains(text(), 'Google Privacy &amp; Terms')]'.</msg>
<status status="PASS" starttime="20201129 19:59:44.954" endtime="20201129 19:59:45.085"></status>
</kw>
<kw name="Switch Window" library="SeleniumLibrary">
<doc>Switches to browser window matching ``locator``.</doc>
<arguments>
<arg>NEW</arg>
</arguments>
<status status="PASS" starttime="20201129 19:59:45.086" endtime="20201129 19:59:45.097"></status>
</kw>
<status status="PASS" starttime="20201129 19:59:44.945" endtime="20201129 19:59:45.097"></status>
</kw>
<kw name="Verify Google Privacy Terms Page Loaded" library="GooglePrivacyTermsPage">
<kw name="Wait Until Page Contains" library="SeleniumLibrary">
<doc>Waits until ``text`` appears on the current page.</doc>
<arguments>
<arg>Privacy Policy</arg>
</arguments>
<status status="PASS" starttime="20201129 19:59:45.098" endtime="20201129 19:59:48.604"></status>
</kw>
<status status="PASS" starttime="20201129 19:59:45.097" endtime="20201129 19:59:48.604"></status>
</kw>
<kw name="End Web Test" library="Initialization" type="teardown">
<kw name="Close Browser" library="SeleniumLibrary">
<doc>Closes the current browser.</doc>
<status status="PASS" starttime="20201129 19:59:48.605" endtime="20201129 19:59:51.016"></status>
</kw>
<status status="PASS" starttime="20201129 19:59:48.604" endtime="20201129 19:59:51.017"></status>
</kw>
<status status="PASS" starttime="20201129 19:59:35.249" endtime="20201129 19:59:51.017" critical="yes"></status>
</test>
<doc>Tests Related to HomePage</doc>
<status status="PASS" starttime="20201129 19:59:35.006" endtime="20201129 19:59:51.018"></status>
</suite>
<status status="PASS" starttime="20201129 19:59:34.980" endtime="20201129 19:59:51.021"></status>
</suite>
<statistics>
<total>
<stat pass="1" fail="0">Critical Tests</stat>
<stat pass="1" fail="0">All Tests</stat>
</total>
<tag>
</tag>
<suite>
<stat pass="1" fail="0" id="s1" name="Suites">Suites</stat>
<stat pass="1" fail="0" id="s1-s1" name="HomePageTests">Suites.HomePageTests</stat>
</suite>
</statistics>
<errors>
</errors>
</robot>
